app/build/intermediates/manifest_merge_blame_file/debug/manifest-merger-blame-debug-report.txt
1<?xml version="1.0" encoding="utf-8"?>
2<manifest xmlns:android="http://schemas.android.com/apk/res/android"
3    package="com.anir_projects.textrcog"
4    android:versionCode="1"
5    android:versionName="1.0" >
6
7    <uses-sdk
8        android:minSdkVersion="21"
8-->src\main\AndroidManifest.xml
9        android:targetSdkVersion="30" />
9-->src\main\AndroidManifest.xml
10
11    <uses-feature
11-->src\main\AndroidManifest.xml:4:5-5:48
12        android:name="android.hardware.camera"
12-->src\main\AndroidManifest.xml:4:19-57
13        android:required="true" />
13-->src\main\AndroidManifest.xml:5:9-32
14
15    <uses-permission android:name="android.permission.ACCESS_NETWORK_STATE" />
15-->[com.google.firebase:firebase-iid:20.1.5] AndroidManifest.xml:22:5-79
15-->[com.google.firebase:firebase-iid:20.1.5] AndroidManifest.xml:22:22-76
16    <uses-permission android:name="android.permission.INTERNET" />
16-->[com.google.firebase:firebase-iid:20.1.5] AndroidManifest.xml:23:5-67
16-->[com.google.firebase:firebase-iid:20.1.5] AndroidManifest.xml:23:22-64
17    <uses-permission android:name="android.permission.WAKE_LOCK" /> <!-- Required by older versions of Google Play services to create IID tokens -->
17-->[com.google.firebase:firebase-iid:20.1.5] AndroidManifest.xml:24:5-68
17-->[com.google.firebase:firebase-iid:20.1.5] AndroidManifest.xml:24:22-65
18    <uses-permission android:name="com.google.android.c2dm.permission.RECEIVE" />
18-->[com.google.firebase:firebase-iid:20.1.5] AndroidManifest.xml:26:5-82
18-->[com.google.firebase:firebase-iid:20.1.5] AndroidManifest.xml:26:22-79
19
20    <application
20-->src\main\AndroidManifest.xml:7:5-21:19
21        android:allowBackup="true"
21-->src\main\AndroidManifest.xml:8:9-35
22        android:appComponentFactory="androidx.core.app.CoreComponentFactory"
22-->[androidx.core:core:1.3.0] AndroidManifest.xml:24:18-86
23        android:debuggable="true"
24        android:icon="@mipmap/ic_launcher"
24-->src\main\AndroidManifest.xml:9:9-43
25        android:label="@string/app_name"
25-->src\main\AndroidManifest.xml:10:9-41
26        android:roundIcon="@mipmap/ic_launcher_round"
26-->src\main\AndroidManifest.xml:11:9-54
27        android:supportsRtl="true"
27-->src\main\AndroidManifest.xml:12:9-35
28        android:testOnly="true"
29        android:theme="@style/AppTheme" >
29-->src\main\AndroidManifest.xml:13:9-40
30        <activity android:name="com.anir_projects.textrcog.MainActivity" >
30-->src\main\AndroidManifest.xml:14:9-20:20
30-->src\main\AndroidManifest.xml:14:19-47
31            <intent-filter>
31-->src\main\AndroidManifest.xml:15:13-19:29
32                <action android:name="android.intent.action.MAIN" />
32-->src\main\AndroidManifest.xml:16:17-69
32-->src\main\AndroidManifest.xml:16:25-66
33
34                <category android:name="android.intent.category.LAUNCHER" />
34-->src\main\AndroidManifest.xml:18:17-77
34-->src\main\AndroidManifest.xml:18:27-74
35            </intent-filter>
36        </activity>
37
38        <service
38-->[com.google.firebase:firebase-ml-vision:24.0.3] AndroidManifest.xml:9:9-15:19
39            android:name="com.google.firebase.components.ComponentDiscoveryService"
39-->[com.google.firebase:firebase-ml-vision:24.0.3] AndroidManifest.xml:10:13-84
40            android:directBootAware="true"
40-->[com.google.firebase:firebase-common:19.3.0] AndroidManifest.xml:34:13-43
41            android:exported="false" >
41-->[com.google.firebase:firebase-ml-vision:24.0.3] AndroidManifest.xml:11:13-37
42            <meta-data
42-->[com.google.firebase:firebase-ml-vision:24.0.3] AndroidManifest.xml:12:13-14:85
43                android:name="com.google.firebase.components:com.google.firebase.ml.vision.VisionRegistrar"
43-->[com.google.firebase:firebase-ml-vision:24.0.3] AndroidManifest.xml:13:17-108
44                android:value="com.google.firebase.components.ComponentRegistrar" />
44-->[com.google.firebase:firebase-ml-vision:24.0.3] AndroidManifest.xml:14:17-82
45            <meta-data
45-->[com.google.firebase:firebase-ml-common:22.1.1] AndroidManifest.xml:11:13-13:85
46                android:name="com.google.firebase.components:com.google.firebase.ml.common.CommonComponentRegistrar"
46-->[com.google.firebase:firebase-ml-common:22.1.1] AndroidManifest.xml:12:17-117
47                android:value="com.google.firebase.components.ComponentRegistrar" />
47-->[com.google.firebase:firebase-ml-common:22.1.1] AndroidManifest.xml:13:17-82
48            <meta-data
48-->[com.google.firebase:firebase-iid:20.1.5] AndroidManifest.xml:32:13-34:85
49                android:name="com.google.firebase.components:com.google.firebase.iid.Registrar"
49-->[com.google.firebase:firebase-iid:20.1.5] AndroidManifest.xml:33:17-96
50                android:value="com.google.firebase.components.ComponentRegistrar" />
50-->[com.google.firebase:firebase-iid:20.1.5] AndroidManifest.xml:34:17-82
51            <meta-data
51-->[com.google.firebase:firebase-installations:16.2.1] AndroidManifest.xml:17:13-19:85
52                android:name="com.google.firebase.components:com.google.firebase.installations.FirebaseInstallationsRegistrar"
52-->[com.google.firebase:firebase-installations:16.2.1] AndroidManifest.xml:18:17-127
53                android:value="com.google.firebase.components.ComponentRegistrar" />
53-->[com.google.firebase:firebase-installations:16.2.1] AndroidManifest.xml:19:17-82
54        </service>
55
56        <receiver
56-->[com.google.firebase:firebase-iid:20.1.5] AndroidManifest.xml:37:9-44:20
57            android:name="com.google.firebase.iid.FirebaseInstanceIdReceiver"
57-->[com.google.firebase:firebase-iid:20.1.5] AndroidManifest.xml:38:13-78
58            android:exported="true"
58-->[com.google.firebase:firebase-iid:20.1.5] AndroidManifest.xml:39:13-36
59            android:permission="com.google.android.c2dm.permission.SEND" >
59-->[com.google.firebase:firebase-iid:20.1.5] AndroidManifest.xml:40:13-73
60            <intent-filter>
60-->[com.google.firebase:firebase-iid:20.1.5] AndroidManifest.xml:41:13-43:29
61                <action android:name="com.google.android.c2dm.intent.RECEIVE" />
61-->[com.google.firebase:firebase-iid:20.1.5] AndroidManifest.xml:42:17-81
61-->[com.google.firebase:firebase-iid:20.1.5] AndroidManifest.xml:42:25-78
62            </intent-filter>
63        </receiver>
64
65        <activity
65-->[com.google.android.gms:play-services-base:17.0.0] AndroidManifest.xml:23:9-26:75
66            android:name="com.google.android.gms.common.api.GoogleApiActivity"
66-->[com.google.android.gms:play-services-base:17.0.0] AndroidManifest.xml:24:13-79
67            android:exported="false"
67-->[com.google.android.gms:play-services-base:17.0.0] AndroidManifest.xml:25:13-37
68            android:theme="@android:style/Theme.Translucent.NoTitleBar" />
68-->[com.google.android.gms:play-services-base:17.0.0] AndroidManifest.xml:26:13-72
69
70        <provider
70-->[com.google.firebase:firebase-common:19.3.0] AndroidManifest.xml:26:9-30:39
71            android:name="com.google.firebase.provider.FirebaseInitProvider"
71-->[com.google.firebase:firebase-common:19.3.0] AndroidManifest.xml:27:13-77
72            android:authorities="com.anir_projects.textrcog.firebaseinitprovider"
72-->[com.google.firebase:firebase-common:19.3.0] AndroidManifest.xml:28:13-72
73            android:exported="false"
73-->[com.google.firebase:firebase-common:19.3.0] AndroidManifest.xml:29:13-37
74            android:initOrder="100" />
74-->[com.google.firebase:firebase-common:19.3.0] AndroidManifest.xml:30:13-36
75
76        <meta-data
76-->[com.google.android.gms:play-services-basement:17.0.0] AndroidManifest.xml:23:9-25:69
77            android:name="com.google.android.gms.version"
77-->[com.google.android.gms:play-services-basement:17.0.0] AndroidManifest.xml:24:13-58
78            android:value="@integer/google_play_services_version" />
78-->[com.google.android.gms:play-services-basement:17.0.0] AndroidManifest.xml:25:13-66
79    </application>
80
81</manifest>